[09:27:35] [INIT] KubeJS 2001.6.5-build.16; MC 2001 forge
[09:27:35] [INIT] Loaded plugins:
[09:27:35] [INIT] - dev.latvian.mods.kubejs.forge.BuiltinKubeJSForgePlugin
[09:27:35] [INIT] - com.jesz.createdieselgenerators.compat.kubejs.CDGKubeJSPlugin
[09:27:35] [INIT] - dev.ftb.mods.ftbxmodcompat.ftbquests.kubejs.KubeJSIntegration
[09:27:35] [INIT] - dev.ftb.mods.ftbxmodcompat.ftbteams.kubejs.FTBTeamsKubeJSPlugin
[09:27:35] [INIT] - dev.latvian.mods.kubejs.create.KubeJSCreatePlugin
[09:27:35] [INIT] - com.momosoftworks.coldsweat.compat.kubejs.KubePlugin
[09:27:35] [INIT] - com.almostreliable.morejs.Plugin
[09:27:35] [INIT] - com.example.rpgstats.kubejs.RpgStatsKubePlugin
[09:27:35] [INIT] - io.github.mortuusars.wares.integration.kubejs.WaresKubeJSPlugin
[09:27:35] [INIT] - com.almostreliable.lootjs.kube.LootJSPlugin
[09:27:35] [INIT] - net.cathienova.kubejsbloodmagic.KubeJSBloodMagicPlugin
[09:27:35] [INFO] Loaded script startup_scripts:00_globals/20_progression_catalogues.js in 0.032 s
[09:27:35] [INFO] 10_items_blocks/10_thats_crate_registry.js#28: Loaded Java class 'java.math.BigInteger'
[09:27:35] [INFO] Loaded script startup_scripts:10_items_blocks/10_thats_crate_registry.js in 0.009 s
[09:27:35] [INFO] Loaded script startup_scripts:10_items_blocks/20_triple_flint_durability.js in 0.001 s
[09:27:35] [INFO] Loaded script startup_scripts:10_items_blocks/30_progression_items.js in 0.002 s
[09:27:35] [INFO] Loaded script startup_scripts:20_blocks/10_ae2_skystone_hardness.js in 0.0 s
[09:27:35] [INFO] 20_globals/10_immobile_spawn.js#4: [no_moving_spawn] registering PlayerSetSpawnEvent cancel
[09:27:35] [INFO] Loaded script startup_scripts:20_globals/10_immobile_spawn.js in 0.001 s
[09:27:35] [INFO] Loaded script startup_scripts:20_globals/30_blood_heart_types.js in 0.0 s
[09:27:35] [INFO] Loaded script startup_scripts:30_hide_vanilla_tools_from_creative.js in 0.001 s
[09:27:35] [INFO] 40_potion_brewing_registry.js#4: Loaded Java class 'net.minecraft.world.item.alchemy.Potions'
[09:27:35] [INFO] Loaded script startup_scripts:40_potion_brewing_registry.js in 0.002 s
[09:27:35] [INFO] Loaded 9/9 KubeJS startup scripts in 0.34 s with 0 errors and 0 warnings
[09:27:36] [INFO] 10_items_blocks/10_thats_crate_registry.js#128: [crates] registry bases=16
[09:27:43] [INFO] 40_potion_brewing_registry.js#24: Removed potion brewing recipe: minecraft:water + {"item":"minecraft:nether_wart"} -> minecraft:awkward
[09:27:43] [INFO] 40_potion_brewing_registry.js#26: Removed potion brewing recipe: minecraft:awkward + {"item":"minecraft:sugar"} -> minecraft:swiftness
[09:27:43] [INFO] 40_potion_brewing_registry.js#26: Removed potion brewing recipe: minecraft:awkward + {"item":"minecraft:golden_carrot"} -> minecraft:night_vision
[09:27:43] [INFO] 40_potion_brewing_registry.js#26: Removed potion brewing recipe: minecraft:awkward + {"item":"minecraft:pufferfish"} -> minecraft:water_breathing
[09:27:43] [INFO] 40_potion_brewing_registry.js#26: Removed potion brewing recipe: minecraft:awkward + {"item":"minecraft:magma_cream"} -> minecraft:fire_resistance
[09:27:43] [INFO] 40_potion_brewing_registry.js#26: Removed potion brewing recipe: minecraft:awkward + {"item":"minecraft:ghast_tear"} -> minecraft:regeneration
[09:27:43] [INFO] 40_potion_brewing_registry.js#26: Removed potion brewing recipe: minecraft:awkward + {"item":"minecraft:blaze_powder"} -> minecraft:strength
[09:27:43] [INFO] 40_potion_brewing_registry.js#26: Removed potion brewing recipe: minecraft:awkward + {"item":"minecraft:spider_eye"} -> minecraft:poison
[09:27:43] [INFO] 40_potion_brewing_registry.js#26: Removed potion brewing recipe: minecraft:awkward + {"item":"minecraft:rabbit_foot"} -> minecraft:leaping
[09:27:43] [INFO] 40_potion_brewing_registry.js#26: Removed potion brewing recipe: minecraft:awkward + {"item":"minecraft:glistering_melon_slice"} -> minecraft:healing
[09:27:43] [INFO] 40_potion_brewing_registry.js#26: Removed potion brewing recipe: minecraft:awkward + {"item":"minecraft:phantom_membrane"} -> minecraft:slow_falling
[09:27:43] [INFO] 40_potion_brewing_registry.js#26: Removed potion brewing recipe: minecraft:awkward + {"item":"minecraft:turtle_helmet"} -> minecraft:turtle_master
[09:27:43] [INFO] 40_potion_brewing_registry.js#41: Removed potion brewing recipe: minecraft:water + {"item":"minecraft:fermented_spider_eye"} -> minecraft:weakness
[09:27:43] [INFO] 40_potion_brewing_registry.js#41: Removed potion brewing recipe: minecraft:night_vision + {"item":"minecraft:fermented_spider_eye"} -> minecraft:invisibility
[09:27:43] [INFO] 40_potion_brewing_registry.js#41: Removed potion brewing recipe: minecraft:swiftness + {"item":"minecraft:fermented_spider_eye"} -> minecraft:slowness
[09:27:43] [INFO] 40_potion_brewing_registry.js#41: Removed potion brewing recipe: minecraft:leaping + {"item":"minecraft:fermented_spider_eye"} -> minecraft:slowness
[09:27:43] [INFO] 40_potion_brewing_registry.js#41: Removed potion brewing recipe: minecraft:healing + {"item":"minecraft:fermented_spider_eye"} -> minecraft:harming
[09:27:43] [INFO] 40_potion_brewing_registry.js#41: Removed potion brewing recipe: minecraft:poison + {"item":"minecraft:fermented_spider_eye"} -> minecraft:harming
[09:27:43] [INFO] 10_items_blocks/10_thats_crate_registry.js#119: [crates] postInit bases=16
