     0.000 Info: Testing "/home/gerald/.local/share/PrismLauncher/qtlogging.ini" ... (unknown:0)
     0.001 Info: Testing "/tmp/.mount_PrismLggojdF/share/PrismLauncher/qtlogging.ini" ... (unknown:0)
     0.001 Info: Loading logging rules from: "/tmp/.mount_PrismLggojdF/share/PrismLauncher/qtlogging.ini" (unknown:0)
     0.003 Info: Setting log rules: (unknown:0)
     0.003 Info:      "*.debug=true" (unknown:0)
     0.003 Info:      "kf.imageformats.plugins.hdr=false" (unknown:0)
     0.003 Info:      "kf.imageformats.plugins.xcf=false" (unknown:0)
     0.003 Info:      "launcher.auth.credentials.debug=false" (unknown:0)
     0.003 Info:      "launcher.task=false" (unknown:0)
     0.003 Info:      "launcher.task.net=true" (unknown:0)
     0.003 Info:      "launcher.task.net.download.debug=false" (unknown:0)
     0.003 Info:      "launcher.task.net.metacache=false" (unknown:0)
     0.003 Info:      "launcher.task.net.metacache.http=true" (unknown:0)
     0.003 Info:      "launcher.task.net.upload=true" (unknown:0)
     0.003 Info:      "qt.*.debug=false" (unknown:0)
     0.003 Info: <> Log initialized. (unknown:0)
     0.003 Debug: <> No migration needed from "PolyMC" (unknown:0)
     0.003 Debug: <> No migration needed from "MultiMC" (unknown:0)
     0.003 Info: Prism Launcher, © 2022-2026 Prism Launcher Contributors, © 2021-2022 PolyMC Contributors, © 2012-2021 MultiMC Contributors (unknown:0)
     0.003 Info: Version                    : "10.0.5" (unknown:0)
     0.003 Info: Platform                   : "official" (unknown:0)
     0.003 Info: Git commit                 : "" (unknown:0)
     0.003 Info: Git refspec                : "refs/heads/stable" (unknown:0)
     0.003 Info: Compiled for               : "Linux 6.14.0-1017-azure x86_64" (unknown:0)
     0.003 Info: Compiled by                : "GNU - 13.3.0" (unknown:0)
     0.003 Info: Build Artifact             : "Linux-Qt6" (unknown:0)
     0.003 Info: Updates Enabled            : Yes (unknown:0)
     0.003 Info: Work dir before adjustment : "/home/gerald/obelisks" (unknown:0)
     0.003 Info: Work dir after adjustment  : "/home/gerald/.local/share/PrismLauncher" (unknown:0)
     0.003 Info: Adjusted by                : "Command line" (unknown:0)
     0.003 Info: Binary path                : "/tmp/.mount_PrismLggojdF/bin" (unknown:0)
     0.003 Info: Application root path      : "/tmp/.mount_PrismLggojdF" (unknown:0)
     0.003 Info: ID of instance to launch   : "Bound to Matter-Playtest 3 - v1" (unknown:0)
     0.003 Info: <> Paths set. (unknown:0)
     0.029 Debug: Detected default console font: "DejaVu Sans Mono", substitutions: "" (unknown:0)
     0.034 Info: <> Settings loaded. (unknown:0)
     0.037 Debug: Detecting proxy settings... (unknown:0)
     0.038 Debug: Using no proxy is an option! (unknown:0)
     0.038 Info: <> Network done. (unknown:0)
     0.039 Debug: Loading Application Language File for en_AU ... (unknown:0)
     0.040 Info: Your language is "en_AU" (unknown:0)
     0.040 Info: <> Translations loaded. (unknown:0)
     0.040 Debug: Started watching "/home/gerald/.local/share/PrismLauncher/icons" (unknown:0)
     0.040 Debug: Sorting icon list... (unknown:0)
     0.055 Info: <> Instance icons initialized. (unknown:0)
     0.055 Debug: [Theme] Determining System Widget Theme... (unknown:0)
     0.055 Debug: [Theme] System theme seems to be: "fusion" (unknown:0)
     0.055 Debug: [Theme] <> Initializing Icon Themes (unknown:0)
     0.055 Debug: [Theme] Loaded Built-In Icon Theme "pe_colored" (unknown:0)
     0.055 Debug: [Theme] Loaded Built-In Icon Theme "pe_light" (unknown:0)
     0.055 Debug: [Theme] Loaded Built-In Icon Theme "pe_dark" (unknown:0)
     0.055 Debug: [Theme] Loaded Built-In Icon Theme "pe_blue" (unknown:0)
     0.055 Debug: [Theme] Loaded Built-In Icon Theme "breeze_light" (unknown:0)
     0.055 Debug: [Theme] Loaded Built-In Icon Theme "breeze_dark" (unknown:0)
     0.055 Debug: [Theme] Loaded Built-In Icon Theme "OSX" (unknown:0)
     0.055 Debug: [Theme] Loaded Built-In Icon Theme "iOS" (unknown:0)
     0.055 Debug: [Theme] Loaded Built-In Icon Theme "flat" (unknown:0)
     0.055 Debug: [Theme] Loaded Built-In Icon Theme "flat_white" (unknown:0)
     0.055 Debug: [Theme] Loaded Built-In Icon Theme "multimc" (unknown:0)
     0.055 Debug: [Theme] Icon Theme Folder Path: "/home/gerald/.local/share/PrismLauncher/iconthemes" (unknown:0)
     0.055 Debug: [Theme] <> Icon themes initialized. (unknown:0)
     0.055 Debug: [Theme] <> Initializing Widget Themes (unknown:0)
     0.055 Debug: [Theme] Loading Built-in Theme: "system" (unknown:0)
     0.055 Debug: [Theme] Loading Built-in Theme: "dark" (unknown:0)
     0.055 Debug: [Theme] Loading Built-in Theme: "bright" (unknown:0)
     0.055 Debug: [Theme] <> Initializing System Widget Themes (unknown:0)
     0.056 Debug: [Theme] Loading System Theme: "Windows" (unknown:0)
     0.056 Debug: [Theme] Loading System Theme: "Fusion" (unknown:0)
     0.056 Debug: [Theme] Theme Folder Path: "/home/gerald/.local/share/PrismLauncher/themes" (unknown:0)
     0.056 Debug: [Theme] <> Widget themes initialized. (unknown:0)
     0.056 Debug: [Theme] CatPacks Folder Path: "/home/gerald/.local/share/PrismLauncher/catpacks" (unknown:0)
     0.060 Info: Instance path              : "instances" (unknown:0)
     0.061 Info: Loading Instances... (unknown:0)
     0.061 Info: Discovering instances in "/home/gerald/.local/share/PrismLauncher/instances" (unknown:0)
     0.061 Info: Found instance ID "Bound to Matter-Playtest 3 - v1" (unknown:0)
     0.061 Debug: Will load group list now. (unknown:0)
     0.061 Debug: Group list loaded. (unknown:0)
     0.061 Debug: Loaded instance "Bound to Matter-Playtest 3 - v1" from "/home/gerald/.local/share/PrismLauncher/instances/Bound to Matter-Playtest 3 - v1" (unknown:0)
     0.061 Info: <> Instances loaded. (unknown:0)
     0.061 Info: Loading accounts... (unknown:0)
     0.061 Debug: AccountList: Queued default account with internal ID "e2aaf08afedf48489e81d7f725de0949" to refresh first (unknown:0)
     0.064 Debug: AuthFlow: "Logging in with Microsoft account." (unknown:0)
     0.085 Debug: RefreshSchedule: Processing account "mrgeraldsummers" with internal ID "e2aaf08afedf48489e81d7f725de0949" (unknown:0)
     0.085 Info: <> Accounts loaded. (unknown:0)
     0.086 Info: <> Cache initialized. (unknown:0)
     0.086 Debug: Downloading Translations Index... (unknown:0)
     0.086 Warning: [launcher.task.net] [HttpMetaCache] Removing cache entry because of old age! (unknown:0)
     0.086 Critical: dlopen() failed: ed object f: cannot open shared object file: No such file or directory (unknown:0)
     0.086 Critical: dlopen() failed: libopenal.so: cannot open shared object file: No such file or directory (unknown:0)
     0.086 Debug: Detected native libraries: "" "" (unknown:0)
     0.086 Debug: [Theme] <> Icon theme set. (unknown:0)
     0.086 Debug: [Theme] applying theme "Dark" (unknown:0)
     0.089 Debug: [Theme] <> Application theme set. (unknown:0)
     0.089 Debug: <> Instance "Bound to Matter-Playtest 3 - v1" launching (unknown:0)
     0.090 Debug: Instance-type specific settings were loaded! (unknown:0)
     0.119 Warning: [qt.qpa.services] Failed to register with host portal QDBusError("org.freedesktop.portal.Error.Failed", "Could not register app ID: Connection already associated with an application ID") (unknown:0)
     0.126 Debug: Dir changed: "/home/gerald/.local/share/PrismLauncher/translations" (unknown:0)
     0.127 Debug: Loading Application Language File for en_AU ... (unknown:0)
     0.212 Debug: Got translations index! (unknown:0)
     0.212 Warning: [launcher.task.net] [HttpMetaCache] Removing cache entry because of old age! (unknown:0)
     0.212 Debug: Dir changed: "/home/gerald/.local/share/PrismLauncher/translations" (unknown:0)
     0.213 Debug: Loading Application Language File for en_AU ... (unknown:0)
     0.213 Debug: Dir changed: "/home/gerald/.local/share/PrismLauncher/translations" (unknown:0)
     0.213 Debug: Loading Application Language File for en_AU ... (unknown:0)
     0.484 Debug: Got translation: "en_AU" (unknown:0)
     0.484 Debug: Loading Application Language File for en_AU ... (unknown:0)
     0.484 Debug: Dir changed: "/home/gerald/.local/share/PrismLauncher/translations" (unknown:0)
     0.485 Debug: Loading Application Language File for en_AU ... (unknown:0)
     1.311 Debug: AuthFlow: "Logging in as an Xbox user." (unknown:0)
     1.311 Debug: First layer of Xbox auth ... commencing. (unknown:0)
     1.312 Debug: [launcher.task.net.upload] "{4185ccf2-952d-4ff6-8dea-095e1ddaa8f2}" Running "https://user.auth.xboxlive.com/user/authenticate" (unknown:0)
     2.319 Debug: [launcher.task.net.upload] "{4185ccf2-952d-4ff6-8dea-095e1ddaa8f2}" Request succeeded: "https://user.auth.xboxlive.com/user/authenticate" (unknown:0)
     2.319 Debug: Parsing "UToken" : (unknown:0)
     2.319 Debug: "UToken" is valid. (unknown:0)
     2.319 Debug: AuthFlow: "Getting authorisation to access Xbox services." (unknown:0)
     2.319 Debug: Getting authorization token for "http://xboxlive.com" (unknown:0)
     2.321 Debug: [launcher.task.net.upload] "{df5ea0b9-c32b-4f0d-bdeb-28920fc5a505}" Running "https://xsts.auth.xboxlive.com/xsts/authorize" (unknown:0)
     3.470 Debug: [launcher.task.net.upload] "{df5ea0b9-c32b-4f0d-bdeb-28920fc5a505}" Request succeeded: "https://xsts.auth.xboxlive.com/xsts/authorize" (unknown:0)
     3.470 Debug: Parsing "Xbox" : (unknown:0)
     3.470 Debug: "Xbox" is valid. (unknown:0)
     3.470 Debug: AuthFlow: "Getting authorisation to access Mojang services." (unknown:0)
     3.470 Debug: Getting authorization token for "rp://api.minecraftservices.com/" (unknown:0)
     3.471 Debug: [launcher.task.net.upload] "{6bd15bac-6d41-4fb5-acb5-7c955aa6c0c4}" Running "https://xsts.auth.xboxlive.com/xsts/authorize" (unknown:0)
     3.904 Debug: [launcher.task.net.upload] "{6bd15bac-6d41-4fb5-acb5-7c955aa6c0c4}" Request succeeded: "https://xsts.auth.xboxlive.com/xsts/authorize" (unknown:0)
     3.904 Debug: Parsing "Mojang" : (unknown:0)
     3.904 Debug: "Mojang" is valid. (unknown:0)
     3.904 Debug: AuthFlow: "Fetching Minecraft access token" (unknown:0)
     3.904 Debug: Getting Minecraft access token... (unknown:0)
     3.905 Debug: [launcher.task.net.upload] "{c3113f02-7a93-4587-b300-bc9ec4b99bb2}" Running "https://api.minecraftservices.com/launcher/login" (unknown:0)
